<?xml version="1.0" encoding="UTF-8"?>
<!-- Generated by org.testng.reporters.JUnitReportReporter -->
<testsuite hostname="DESKTOP-E01NGK9" failures="0" tests="1" name="SelectDropDownExample" time="15.532" errors="0" timestamp="2023-02-08T18:28:17 IST" skipped="0">
  <testcase classname="SelectDropDownExample" name="selectDropdown" time="15.532"/>
  <system-out/>
</testsuite> <!-- SelectDropDownExample -->
