<?xml version="1.0" encoding="UTF-8"?>
<!-- Generated by org.testng.reporters.JUnitReportReporter -->
<testsuite hostname="DESKTOP-E01NGK9" failures="0" tests="1" name="TableExample" time="3.804" errors="0" timestamp="2023-02-09T09:53:29 IST" skipped="0">
  <testcase classname="TableExample" name="DisplayTabledata" time="3.804"/>
  <system-out/>
</testsuite> <!-- TableExample -->
