<?xml version="1.0" encoding="UTF-8"?>
<!-- Generated by org.testng.reporters.JUnitReportReporter -->
<testsuite hostname="DESKTOP-E01NGK9" failures="0" tests="3" name="WebcontrolBasics" time="6.356" errors="0" timestamp="2023-01-17T17:58:49 IST" skipped="2">
  <testcase classname="WebcontrolBasics" name="radioButtonAssignment" time="6.356"/>
  <system-out/>
  <testcase classname="WebcontrolBasics" name="TestIsDisplayed">
    <skipped/>
  </testcase> <!-- TestIsDisplayed -->
  <system-out/>
  <testcase classname="WebcontrolBasics" name="TestisSelectedandisEnabled">
    <skipped/>
  </testcase> <!-- TestisSelectedandisEnabled -->
  <system-out/>
</testsuite> <!-- WebcontrolBasics -->
