<?xml version="1.0" encoding="UTF-8"?>
<!-- Generated by org.testng.reporters.JUnitReportReporter -->
<testsuite hostname="DESKTOP-E01NGK9" failures="0" tests="1" name="MakeMyTripAssignment" time="11.828" errors="0" timestamp="2023-02-09T09:34:30 IST" skipped="0">
  <testcase classname="MakeMyTripAssignment" name="searchTrip" time="11.828"/>
  <system-out/>
</testsuite> <!-- MakeMyTripAssignment -->
