<?xml version="1.0" encoding="UTF-8"?>
<!-- Generated by org.testng.reporters.JUnitReportReporter -->
<testsuite hostname="DESKTOP-E01NGK9" failures="0" tests="1" name="PradeepYatraExample" time="27.331" errors="0" timestamp="2023-02-26T11:49:13 IST" skipped="0">
  <testcase classname="PradeepYatraExample" name="testYatra" time="27.331"/>
  <system-out/>
</testsuite> <!-- PradeepYatraExample -->
