<?xml version="1.0" encoding="UTF-8"?>
<!-- Generated by org.testng.reporters.JUnitReportReporter -->
<testsuite hostname="DESKTOP-E01NGK9" failures="0" tests="1" name="MakeMyTripCalendar" time="115.287" errors="0" timestamp="2023-02-09T14:31:47 IST" skipped="0">
  <testcase classname="MakeMyTripCalendar" name="dateSearch" time="115.287"/>
  <system-out/>
</testsuite> <!-- MakeMyTripCalendar -->
