<?xml version="1.0" encoding="UTF-8"?>
<!-- Generated by org.testng.reporters.JUnitReportReporter -->
<testsuite hostname="DESKTOP-E01NGK9" failures="0" tests="1" name="T01_CopyConstructorEx1" time="0.008" errors="0" timestamp="2023-06-07T12:11:35 IST" skipped="0">
  <testcase classname="T01_CopyConstructorEx1" name="print" time="0.008"/>
  <system-out/>
</testsuite> <!-- T01_CopyConstructorEx1 -->
