<?xml version="1.0" encoding="UTF-8"?>
<!-- Generated by org.testng.reporters.JUnitReportReporter -->
<testsuite hostname="DESKTOP-E01NGK9" failures="0" tests="1" name="SimpleTest" time="4.307" errors="0" timestamp="2023-05-28T13:52:27 IST" skipped="0">
  <testcase classname="SimpleTest" name="testSimple" time="4.307"/>
  <system-out/>
</testsuite> <!-- SimpleTest -->
