<?xml version="1.0" encoding="UTF-8"?>
<!-- Generated by org.testng.reporters.JUnitReportReporter -->
<testsuite hostname="DESKTOP-E01NGK9" failures="0" tests="1" name="npn_Selenium_Screenshots.ScreenshotTest" time="4.250" errors="0" timestamp="2023-04-21T20:54:47 IST" skipped="0">
  <testcase classname="npn_Selenium_Screenshots.ScreenshotTest" name="testScreenshot" time="4.250"/>
  <system-out/>
</testsuite> <!-- npn_Selenium_Screenshots.ScreenshotTest -->
