<?xml version="1.0" encoding="UTF-8"?>
<!-- Generated by org.testng.reporters.JUnitReportReporter -->
<testsuite hostname="DESKTOP-E01NGK9" failures="0" tests="3" name="npn_Selenium_Screenshots.DownloadTest" time="54.980" errors="0" timestamp="2023-04-24T21:20:23 IST" skipped="0">
  <testcase classname="npn_Selenium_Screenshots.DownloadTest" name="testChromeDownload" time="14.516"/>
  <system-out/>
  <testcase classname="npn_Selenium_Screenshots.DownloadTest" name="testFirefoxDownload" time="25.506"/>
  <system-out/>
  <testcase classname="npn_Selenium_Screenshots.DownloadTest" name="testEdgeDownload" time="14.958"/>
  <system-out/>
</testsuite> <!-- npn_Selenium_Screenshots.DownloadTest -->
