<?xml version="1.0" encoding="UTF-8"?>
<!-- Generated by org.testng.reporters.JUnitReportReporter -->
<testsuite hostname="DESKTOP-E01NGK9" failures="0" tests="2" name="testRunner.TestRunner" time="21.074" errors="0" timestamp="2023-03-20T21:31:55 IST" skipped="0">
  <testcase classname="testRunner.TestRunner" name="runScenario" time="20.901"/>
  <system-out/>
  <testcase classname="testRunner.TestRunner" name="runScenario" time="0.173"/>
  <system-out/>
</testsuite> <!-- testRunner.TestRunner -->
