<?xml version="1.0" encoding="UTF-8"?>
<!-- Generated by org.testng.reporters.JUnitReportReporter -->
<testsuite hostname="DESKTOP-E01NGK9" failures="0" tests="2" name="tests.LoginTest" time="2.078" errors="0" timestamp="2023-05-19T21:04:59 IST" skipped="0">
  <testcase classname="tests.LoginTest" name="signOut" time="0.611"/>
  <system-out/>
  <testcase classname="tests.LoginTest" name="login" time="1.467"/>
  <system-out/>
</testsuite> <!-- tests.LoginTest -->
