<?xml version="1.0" encoding="UTF-8"?>
<!-- Generated by org.testng.reporters.JUnitReportReporter -->
<testsuite hostname="DESKTOP-E01NGK9" failures="0" tests="1" name="tests.ManageRoomTest" time="15.815" errors="0" timestamp="2023-05-20T12:36:34 IST" skipped="0">
  <testcase classname="tests.ManageRoomTest" name="addRooms" time="15.815"/>
  <system-out/>
</testsuite> <!-- tests.ManageRoomTest -->
