<?xml version="1.0" encoding="UTF-8"?>
<!-- Generated by org.testng.reporters.JUnitReportReporter -->
<testsuite hostname="DESKTOP-E01NGK9" failures="0" tests="3" name="TestDataProvider" time="0.011" errors="0" timestamp="2023-04-18T22:19:07 IST" skipped="0">
  <testcase classname="TestDataProvider" name="dataProvider" time="0.001"/>
  <system-out/>
  <testcase classname="TestDataProvider" name="dataProvider" time="0.001"/>
  <system-out/>
  <testcase classname="TestDataProvider" name="dataProvider" time="0.009"/>
  <system-out/>
</testsuite> <!-- TestDataProvider -->
