<?xml version="1.0" encoding="UTF-8"?>
<!-- Generated by org.testng.reporters.JUnitReportReporter -->
<testsuite hostname="DESKTOP-E01NGK9" failures="0" tests="2" name="TestOne" time="0.012" errors="0" timestamp="2023-04-18T21:27:20 IST" skipped="0">
  <testcase classname="TestOne" name="testTempExample" time="0.010"/>
  <system-out/>
  <testcase classname="TestOne" name="testOneExample" time="0.002"/>
  <system-out/>
</testsuite> <!-- TestOne -->
