<?xml version="1.0" encoding="UTF-8"?>
<!-- Generated by org.testng.reporters.JUnitReportReporter -->
<testsuite hostname="DESKTOP-E01NGK9" failures="0" tests="2" name="ParallelTest" time="10.125" errors="0" timestamp="2023-04-18T22:27:26 IST" skipped="0">
  <testcase classname="ParallelTest" name="testChrome" time="3.238"/>
  <system-out/>
  <testcase classname="ParallelTest" name="testFirefox" time="6.887"/>
  <system-out/>
</testsuite> <!-- ParallelTest -->
