<?xml version="1.0" encoding="UTF-8"?>
<!-- Generated by org.testng.reporters.JUnitReportReporter -->
<testsuite hostname="DESKTOP-E01NGK9" failures="0" tests="1" name="npn_Selenium_log4j1.x.LoggingwithDriver" time="2.633" errors="0" timestamp="2023-06-03T13:35:52 IST" skipped="0">
  <testcase classname="npn_Selenium_log4j1.x.LoggingwithDriver" name="testDriver" time="2.633"/>
  <system-out/>
</testsuite> <!-- npn_Selenium_log4j1.x.LoggingwithDriver -->
