<?xml version="1.0" encoding="UTF-8"?>
<!-- Generated by org.testng.reporters.JUnitReportReporter -->
<testsuite hostname="DESKTOP-E01NGK9" failures="0" tests="1" name="ScreenshotTest" time="4.272" errors="0" timestamp="2023-05-11T10:52:37 IST" skipped="0">
  <testcase classname="ScreenshotTest" name="testScreenshot" time="4.272"/>
  <system-out/>
</testsuite> <!-- ScreenshotTest -->
