<?xml version="1.0" encoding="UTF-8"?>
<!-- Generated by org.testng.reporters.JUnitReportReporter -->
<testsuite hostname="DESKTOP-E01NGK9" failures="0" tests="2" name="TestExtentReport1" time="1.958" errors="0" timestamp="2023-05-27T10:40:53 IST" skipped="0">
  <testcase classname="TestExtentReport1" name="testExtentOne" time="1.230"/>
  <system-out/>
  <testcase classname="TestExtentReport1" name="testExtetTwo" time="0.728"/>
  <system-out/>
</testsuite> <!-- TestExtentReport1 -->
