<?xml version="1.0" encoding="UTF-8"?>
<!-- Generated by org.testng.reporters.JUnitReportReporter -->
<testsuite hostname="DESKTOP-E01NGK9" failures="0" tests="1" name="UploadFileTest1" time="13.182" errors="0" timestamp="2023-05-22T21:16:27 IST" skipped="0">
  <testcase classname="UploadFileTest1" name="testUploadFile1" time="13.182"/>
  <system-out/>
</testsuite> <!-- UploadFileTest1 -->
