<?xml version="1.0" encoding="UTF-8"?>
<!-- Generated by org.testng.reporters.JUnitReportReporter -->
<testsuite hostname="DESKTOP-E01NGK9" failures="0" tests="3" name="DownloadTest" time="43.805" errors="0" timestamp="2023-05-22T22:54:51 IST" skipped="0">
  <testcase classname="DownloadTest" name="testDownladChrome" time="11.007"/>
  <system-out/>
  <testcase classname="DownloadTest" name="testDownloadFirefox" time="21.652"/>
  <system-out/>
  <testcase classname="DownloadTest" name="testDownloadEdge" time="11.146"/>
  <system-out/>
</testsuite> <!-- DownloadTest -->
