<?xml version="1.0" encoding="UTF-8"?>
<!-- Generated by org.testng.reporters.JUnitReportReporter -->
<testsuite hostname="DESKTOP-E01NGK9" failures="0" tests="1" name="UploadFileTest2" time="29.513" errors="0" timestamp="2023-05-22T21:41:27 IST" skipped="0">
  <testcase classname="UploadFileTest2" name="testUploadFile2" time="29.513"/>
  <system-out/>
</testsuite> <!-- UploadFileTest2 -->
