<?xml version="1.0" encoding="UTF-8"?>
<!-- Generated by org.testng.reporters.JUnitReportReporter -->
<testsuite hostname="DESKTOP-E01NGK9" failures="0" tests="1" name="npn_Selenium_explore_apis.TestWindows" time="9.666" errors="0" timestamp="2023-03-11T11:34:03 IST" skipped="0">
  <testcase classname="npn_Selenium_explore_apis.TestWindows" name="testWindows" time="9.666"/>
  <system-out/>
</testsuite> <!-- npn_Selenium_explore_apis.TestWindows -->
