<?xml version="1.0" encoding="UTF-8"?>
<!-- Generated by org.testng.reporters.JUnitReportReporter -->
<testsuite hostname="DESKTOP-E01NGK9" failures="0" tests="1" name="npn_Selenium_explore_apis.TestNestedFrames" time="2.693" errors="0" timestamp="2023-03-04T11:19:31 IST" skipped="0">
  <testcase classname="npn_Selenium_explore_apis.TestNestedFrames" name="testNestedFrame" time="2.693"/>
  <system-out/>
</testsuite> <!-- npn_Selenium_explore_apis.TestNestedFrames -->
