<?xml version="1.0" encoding="UTF-8"?>
<!-- Generated by org.testng.reporters.JUnitReportReporter -->
<testsuite hostname="DESKTOP-E01NGK9" failures="0" tests="3" name="npn_Selenium_explore_apis.TestAlerts" time="18.289" errors="0" timestamp="2023-03-04T10:30:23 IST" skipped="0">
  <testcase classname="npn_Selenium_explore_apis.TestAlerts" name="testOne" time="6.103"/>
  <system-out/>
  <testcase classname="npn_Selenium_explore_apis.TestAlerts" name="testTwo" time="6.112"/>
  <system-out/>
  <testcase classname="npn_Selenium_explore_apis.TestAlerts" name="testThree" time="6.074"/>
  <system-out/>
</testsuite> <!-- npn_Selenium_explore_apis.TestAlerts -->
