<?xml version="1.0" encoding="UTF-8"?>
<!-- Generated by org.testng.reporters.JUnitReportReporter -->
<testsuite hostname="DESKTOP-E01NGK9" failures="0" tests="3" name="npn_Selenium_Screenshots.DownloadTest" time="10.959" errors="0" timestamp="2023-05-22T22:30:30 IST" skipped="2">
  <testcase classname="npn_Selenium_Screenshots.DownloadTest" name="testChromeDownload" time="10.959"/>
  <system-out/>
  <testcase classname="npn_Selenium_Screenshots.DownloadTest" name="testFirefoxDownload">
    <skipped/>
  </testcase> <!-- testFirefoxDownload -->
  <system-out/>
  <testcase classname="npn_Selenium_Screenshots.DownloadTest" name="testEdgeDownload">
    <skipped/>
  </testcase> <!-- testEdgeDownload -->
  <system-out/>
</testsuite> <!-- npn_Selenium_Screenshots.DownloadTest -->
