<?xml version="1.0" encoding="UTF-8"?>
<!-- Generated by org.testng.reporters.JUnitReportReporter -->
<testsuite hostname="DESKTOP-E01NGK9" failures="0" tests="2" name="npn_Selenium_Screenshots.TestExtentReports" time="2.578" errors="0" timestamp="2023-05-27T10:45:55 IST" skipped="0">
  <testcase classname="npn_Selenium_Screenshots.TestExtentReports" name="testExtentOne" time="1.062"/>
  <system-out/>
  <testcase classname="npn_Selenium_Screenshots.TestExtentReports" name="testExtetTwo" time="1.516"/>
  <system-out/>
</testsuite> <!-- npn_Selenium_Screenshots.TestExtentReports -->
