<?xml version="1.0" encoding="UTF-8"?>
<!-- Generated by org.testng.reporters.JUnitReportReporter -->
<testsuite hostname="DESKTOP-E01NGK9" failures="0" tests="1" name="npn_Selenium_Screenshots.UploadFileTest2" time="29.111" errors="0" timestamp="2023-04-21T22:00:40 IST" skipped="0">
  <testcase classname="npn_Selenium_Screenshots.UploadFileTest2" name="testUploadFile2" time="29.111"/>
  <system-out/>
</testsuite> <!-- npn_Selenium_Screenshots.UploadFileTest2 -->
