<?xml version="1.0" encoding="UTF-8"?>
<!-- Generated by org.testng.reporters.JUnitReportReporter -->
<testsuite skipped="0" hostname="SKUNCHA-E5440" name="annotations.AnnotationsTest" tests="2" failures="0" timestamp="12 May 2018 07:28:27 GMT" time="0.010" errors="0">
  <testcase name="AnnotationTest1" time="0.007" classname="annotations.AnnotationsTest"/>
  <testcase name="AnnotationTest2" time="0.003" classname="annotations.AnnotationsTest"/>
</testsuite> <!-- annotations.AnnotationsTest -->
