<?xml version="1.0" encoding="UTF-8"?>
<!-- Generated by org.testng.reporters.JUnitReportReporter -->
<testsuite hostname="DESKTOP-E01NGK9" failures="0" tests="2" name="npn_Selenium_Synchronization.TestImplicitWait" time="9.716" errors="0" timestamp="2023-02-19T12:37:49 IST" skipped="0">
  <testcase classname="npn_Selenium_Synchronization.TestImplicitWait" name="TestImplicitExampleOne" time="4.498"/>
  <system-out/>
  <testcase classname="npn_Selenium_Synchronization.TestImplicitWait" name="TestImplicitExampleTwo" time="5.218"/>
  <system-out/>
</testsuite> <!-- npn_Selenium_Synchronization.TestImplicitWait -->
