<?xml version="1.0" encoding="UTF-8"?>
<!-- Generated by org.testng.reporters.JUnitReportReporter -->
<testsuite hostname="DESKTOP-E01NGK9" failures="0" tests="1" name="npn_Selenium_Synchronization.TestFluentWait" time="6.539" errors="0" timestamp="2023-02-19T14:06:14 IST" skipped="0">
  <testcase classname="npn_Selenium_Synchronization.TestFluentWait" name="FluentWaitExampleTwo" time="6.539"/>
  <system-out/>
</testsuite> <!-- npn_Selenium_Synchronization.TestFluentWait -->
