<?xml version="1.0" encoding="UTF-8"?>
<!-- Generated by org.testng.reporters.JUnitReportReporter -->
<testsuite hostname="DESKTOP-E01NGK9" failures="0" tests="2" name="npn_Selenium_Synchronization.TestWebDriverWait" time="38.643" errors="0" timestamp="2023-02-19T13:54:40 IST" skipped="0">
  <testcase classname="npn_Selenium_Synchronization.TestWebDriverWait" name="WebDriverWaitExample" time="31.878"/>
  <system-out/>
  <testcase classname="npn_Selenium_Synchronization.TestWebDriverWait" name="FluentWaitExample" time="6.765"/>
  <system-out/>
</testsuite> <!-- npn_Selenium_Synchronization.TestWebDriverWait -->
