<?xml version="1.0" encoding="UTF-8"?>
<!-- Generated by org.testng.reporters.JUnitReportReporter -->
<testsuite hostname="DESKTOP-E01NGK9" failures="0" tests="1" name="Advanced_Interactions.DragandDropExample" time="17.497" errors="0" timestamp="2023-03-29T14:22:38 IST" skipped="0">
  <testcase classname="Advanced_Interactions.DragandDropExample" name="dragAndDropTest" time="17.497"/>
  <system-out/>
</testsuite> <!-- Advanced_Interactions.DragandDropExample -->
