<?xml version="1.0" encoding="UTF-8"?>
<!-- Generated by org.testng.reporters.JUnitReportReporter -->
<testsuite hostname="DESKTOP-E01NGK9" failures="0" tests="1" name="Advanced_Interactions.KeyboardEventsExample" time="7.597" errors="0" timestamp="2023-03-29T14:38:24 IST" skipped="0">
  <testcase classname="Advanced_Interactions.KeyboardEventsExample" name="keyboardEventsTest" time="7.597"/>
  <system-out/>
</testsuite> <!-- Advanced_Interactions.KeyboardEventsExample -->
