<?xml version="1.0" encoding="UTF-8"?>
<!-- Generated by org.testng.reporters.JUnitReportReporter -->
<testsuite hostname="DESKTOP-E01NGK9" failures="0" tests="1" name="Simple_Interactions.SelectDDExample" time="5.929" errors="0" timestamp="2023-03-21T21:45:02 IST" skipped="0">
  <testcase classname="Simple_Interactions.SelectDDExample" name="selectDdExmp" time="5.929"/>
  <system-out/>
</testsuite> <!-- Simple_Interactions.SelectDDExample -->
