<?xml version="1.0" encoding="UTF-8"?>
<!-- Generated by org.testng.reporters.JUnitReportReporter -->
<testsuite hostname="DESKTOP-E01NGK9" failures="0" tests="1" name="Simple_Interactions.TableExample" time="4.456" errors="0" timestamp="2023-03-21T21:54:24 IST" skipped="0">
  <testcase classname="Simple_Interactions.TableExample" name="printTableData" time="4.456"/>
  <system-out/>
</testsuite> <!-- Simple_Interactions.TableExample -->
