<?xml version="1.0" encoding="UTF-8"?>
<!-- Generated by org.testng.reporters.JUnitReportReporter -->
<testsuite hostname="DESKTOP-E01NGK9" failures="0" tests="1" name="Advanced_Interactions.ContextClickExample" time="5.649" errors="0" timestamp="2023-03-29T13:34:01 IST" skipped="0">
  <testcase classname="Advanced_Interactions.ContextClickExample" name="contextClickMethod" time="5.649"/>
  <system-out/>
</testsuite> <!-- Advanced_Interactions.ContextClickExample -->
