<?xml version="1.0" encoding="UTF-8"?>
<!-- Generated by org.testng.reporters.JUnitReportReporter -->
<testsuite hostname="DESKTOP-E01NGK9" failures="0" tests="1" name="Advanced_Interactions.DoubleClickExample" time="4.452" errors="0" timestamp="2023-03-29T13:19:32 IST" skipped="0">
  <testcase classname="Advanced_Interactions.DoubleClickExample" name="doubleClick" time="4.452"/>
  <system-out/>
</testsuite> <!-- Advanced_Interactions.DoubleClickExample -->
