<?xml version="1.0" encoding="UTF-8"?>
<!-- Generated by org.testng.reporters.JUnitReportReporter -->
<testsuite hostname="DESKTOP-E01NGK9" failures="0" tests="1" name="Simple_Interactions.NormalDDExample" time="11.445" errors="0" timestamp="2023-03-21T19:15:25 IST" skipped="0">
  <testcase classname="Simple_Interactions.NormalDDExample" name="normalDdExp" time="11.445"/>
  <system-out/>
</testsuite> <!-- Simple_Interactions.NormalDDExample -->
