<?xml version="1.0" encoding="UTF-8"?>
<!-- Generated by org.testng.reporters.JUnitReportReporter -->
<testsuite hostname="DESKTOP-E01NGK9" failures="0" tests="2" name="Simple_Interactions.WebcontrolBasics" time="0.367" errors="0" timestamp="2023-02-26T15:36:48 IST" skipped="1">
  <testcase classname="Simple_Interactions.WebcontrolBasics" name="TestIsSelectedAndIsEnabled" time="0.367"/>
  <system-out/>
  <testcase classname="Simple_Interactions.WebcontrolBasics" name="TestIsDisplayed">
    <skipped/>
  </testcase> <!-- TestIsDisplayed -->
  <system-out/>
</testsuite> <!-- Simple_Interactions.WebcontrolBasics -->
