<?xml version="1.0" encoding="UTF-8"?>
<!-- Generated by org.testng.reporters.JUnitReportReporter -->
<testsuite hostname="DESKTOP-E01NGK9" failures="0" tests="1" name="npn_API_Rest_Assured.get.GoRest_GET" time="2.474" errors="0" timestamp="2023-08-06T15:03:26 IST" skipped="0">
  <testcase classname="npn_API_Rest_Assured.get.GoRest_GET" name="testGoRestGet" time="2.474"/>
  <system-out/>
</testsuite> <!-- npn_API_Rest_Assured.get.GoRest_GET -->
