<?xml version="1.0" encoding="UTF-8"?>
<!-- Generated by org.testng.reporters.JUnitReportReporter -->
<testsuite hostname="DESKTOP-E01NGK9" failures="0" tests="1" name="npn_API_Rest_Assured.get.FirstExample2" time="1.965" errors="0" timestamp="2023-08-06T13:38:39 IST" skipped="0">
  <testcase classname="npn_API_Rest_Assured.get.FirstExample2" name="testOne" time="1.965"/>
  <system-out/>
</testsuite> <!-- npn_API_Rest_Assured.get.FirstExample2 -->
