<?xml version="1.0" encoding="UTF-8"?>
<!-- Generated by org.testng.reporters.JUnitReportReporter -->
<testsuite hostname="DESKTOP-E01NGK9" failures="0" tests="1" name="npn_API_Rest_Assured.get.FirstExample" time="1.925" errors="0" timestamp="2023-08-05T12:19:54 IST" skipped="0">
  <testcase classname="npn_API_Rest_Assured.get.FirstExample" name="testOne" time="1.925"/>
  <system-out/>
</testsuite> <!-- npn_API_Rest_Assured.get.FirstExample -->
