<?xml version="1.0" encoding="UTF-8"?>
<!-- Generated by org.testng.reporters.JUnitReportReporter -->
<testsuite hostname="DESKTOP-E01NGK9" failures="0" tests="3" name="AlertsExample" time="0.388" errors="0" timestamp="2023-04-05T13:57:38 IST" skipped="0">
  <testcase classname="AlertsExample" name="testOne" time="0.120"/>
  <system-out/>
  <testcase classname="AlertsExample" name="testTwo" time="0.126"/>
  <system-out/>
  <testcase classname="AlertsExample" name="testThree" time="0.142"/>
  <system-out/>
</testsuite> <!-- AlertsExample -->
