<?xml version="1.0" encoding="UTF-8"?>
<!-- Generated by org.testng.reporters.JUnitReportReporter -->
<testsuite hostname="DESKTOP-E01NGK9" failures="0" tests="1" name="WindowsExample" time="7.738" errors="0" timestamp="2023-04-14T22:58:07 IST" skipped="0">
  <testcase classname="WindowsExample" name="testWindowHandles" time="7.738"/>
  <system-out/>
</testsuite> <!-- WindowsExample -->
