<?xml version="1.0" encoding="UTF-8"?>
<!-- Generated by org.testng.reporters.JUnitReportReporter -->
<testsuite hostname="DESKTOP-E01NGK9" failures="0" tests="1" name="FramesExample" time="2.505" errors="0" timestamp="2023-04-10T11:57:44 IST" skipped="0">
  <testcase classname="FramesExample" name="testFrame" time="2.505"/>
  <system-out/>
</testsuite> <!-- FramesExample -->
