<?xml version="1.0" encoding="UTF-8"?>
<!-- Generated by org.testng.reporters.JUnitReportReporter -->
<testsuite hostname="DESKTOP-E01NGK9" failures="0" tests="1" name="NestedFramesExample" time="8.111" errors="0" timestamp="2023-04-14T20:38:03 IST" skipped="0">
  <testcase classname="NestedFramesExample" name="testNestedFrames" time="8.111"/>
  <system-out/>
</testsuite> <!-- NestedFramesExample -->
