<?xml version="1.0" encoding="UTF-8"?>
<!-- Generated by org.testng.reporters.JUnitReportReporter -->
<testsuite skipped="0" hostname="DESKTOP-T7J28UG" name="myRunner.FirstTestRunner" tests="2" failures="0" timestamp="06 Oct 2018 08:04:34 GMT" time="0.095" errors="0">
  <testcase name="runScenario" time="0.093" classname="myRunner.FirstTestRunner"/>
  <testcase name="runScenario" time="0.002" classname="myRunner.FirstTestRunner"/>
</testsuite> <!-- myRunner.FirstTestRunner -->
