<?xml version="1.0" encoding="UTF-8"?>
<!-- Generated by org.testng.reporters.JUnitReportReporter -->
<testsuite hostname="DESKTOP-E01NGK9" failures="0" tests="1" name="npn_Selenium_SeleniumDeepDive.ChromeBrowserOptions" time="4.128" errors="0" timestamp="2023-05-27T12:48:20 IST" skipped="0">
  <testcase classname="npn_Selenium_SeleniumDeepDive.ChromeBrowserOptions" name="chromebrowserOptions" time="4.128"/>
  <system-out/>
</testsuite> <!-- npn_Selenium_SeleniumDeepDive.ChromeBrowserOptions -->
