<?xml version="1.0" encoding="UTF-8"?>
<!-- Generated by org.testng.reporters.JUnitReportReporter -->
<testsuite hostname="DESKTOP-E01NGK9" failures="0" tests="1" name="npn_Selenium_SeleniumDeepDive.TestRelativeLocators" time="5.350" errors="0" timestamp="2023-05-27T11:53:55 IST" skipped="0">
  <testcase classname="npn_Selenium_SeleniumDeepDive.TestRelativeLocators" name="testrelativeLocators" time="5.350"/>
  <system-out/>
</testsuite> <!-- npn_Selenium_SeleniumDeepDive.TestRelativeLocators -->
