<?xml version="1.0" encoding="UTF-8"?>
<!-- Generated by org.testng.reporters.JUnitReportReporter -->
<testsuite hostname="DESKTOP-E01NGK9" failures="0" tests="2" name="npn_Selenium_SeleniumDeepDive.FullScreenshot" time="15.569" errors="0" timestamp="2023-05-27T21:18:56 IST" skipped="0">
  <testcase classname="npn_Selenium_SeleniumDeepDive.FullScreenshot" name="testffFullscreen" time="5.800"/>
  <system-out/>
  <testcase classname="npn_Selenium_SeleniumDeepDive.FullScreenshot" name="testchromeFullscreen" time="9.769"/>
  <system-out/>
</testsuite> <!-- npn_Selenium_SeleniumDeepDive.FullScreenshot -->
