<?xml version="1.0" encoding="UTF-8"?>
<!-- Generated by org.testng.reporters.JUnitReportReporter -->
<testsuite hostname="DESKTOP-E01NGK9" failures="0" tests="1" name="npn_Selenium_SeleniumDeepDive.CDP1" time="3.625" errors="0" timestamp="2023-05-27T22:01:13 IST" skipped="0">
  <testcase classname="npn_Selenium_SeleniumDeepDive.CDP1" name="testCDPOne" time="3.625"/>
  <system-out/>
</testsuite> <!-- npn_Selenium_SeleniumDeepDive.CDP1 -->
