<?xml version="1.0" encoding="UTF-8"?>
<!-- Generated by org.testng.reporters.JUnitReportReporter -->
<testsuite hostname="DESKTOP-E01NGK9" failures="0" tests="1" name="ReadWriteFromPropertyFile" time="7.079" errors="0" timestamp="2023-04-14T23:50:43 IST" skipped="0">
  <testcase classname="ReadWriteFromPropertyFile" name="testProperties" time="7.079"/>
  <system-out/>
</testsuite> <!-- ReadWriteFromPropertyFile -->
