<?xml version="1.0" encoding="UTF-8"?>
<!-- Generated by org.testng.reporters.JUnitReportReporter -->
<testsuite hostname="DESKTOP-E01NGK9" failures="0" tests="1" name="WriteExcelData" time="1.230" errors="0" timestamp="2023-04-15T20:05:19 IST" skipped="0">
  <testcase classname="WriteExcelData" name="writeExcelData" time="1.230"/>
  <system-out/>
</testsuite> <!-- WriteExcelData -->
