<?xml version="1.0" encoding="UTF-8"?>
<!-- Generated by org.testng.reporters.JUnitReportReporter -->
<testsuite hostname="DESKTOP-E01NGK9" failures="0" tests="1" name="WriteTextData" time="0.015" errors="0" timestamp="2023-04-14T23:35:51 IST" skipped="0">
  <testcase classname="WriteTextData" name="writeTextData" time="0.015"/>
  <system-out/>
</testsuite> <!-- WriteTextData -->
