<?xml version="1.0" encoding="UTF-8"?>
<!-- Generated by org.testng.reporters.JUnitReportReporter -->
<testsuite hostname="DESKTOP-E01NGK9" failures="0" tests="1" name="ReadTextData" time="0.018" errors="0" timestamp="2023-04-14T23:30:07 IST" skipped="0">
  <testcase classname="ReadTextData" name="readTextData" time="0.018"/>
  <system-out/>
</testsuite> <!-- ReadTextData -->
