<?xml version="1.0" encoding="UTF-8"?>
<!-- Generated by org.testng.reporters.JUnitReportReporter -->
<testsuite hostname="DESKTOP-E01NGK9" failures="0" tests="1" name="ReadExcelData" time="1.090" errors="0" timestamp="2023-04-15T00:14:14 IST" skipped="0">
  <testcase classname="ReadExcelData" name="readExcelData" time="1.090"/>
  <system-out/>
</testsuite> <!-- ReadExcelData -->
