<?xml version="1.0" encoding="UTF-8"?>
<!-- Generated by org.testng.reporters.JUnitReportReporter -->
<testsuite hostname="DESKTOP-E01NGK9" failures="0" tests="3" name="TestBMI_A" time="31.112" errors="0" timestamp="2023-04-15T21:32:44 IST" skipped="0">
  <testcase classname="TestBMI_A" name="testBMI" time="10.488"/>
  <system-out/>
  <testcase classname="TestBMI_A" name="testBMI" time="10.304"/>
  <system-out/>
  <testcase classname="TestBMI_A" name="testBMI" time="10.320"/>
  <system-out/>
</testsuite> <!-- TestBMI_A -->
