<?xml version="1.0" encoding="UTF-8"?>
<!-- Generated by org.testng.reporters.JUnitReportReporter -->
<testsuite hostname="DESKTOP-E01NGK9" failures="0" tests="1" name="FluentWaitExample" time="5.475" errors="0" timestamp="2023-03-31T21:17:02 IST" skipped="0">
  <testcase classname="FluentWaitExample" name="fluentWaitTestTwo" time="5.475"/>
  <system-out/>
</testsuite> <!-- FluentWaitExample -->
