<?xml version="1.0" encoding="UTF-8"?>
<!-- Generated by org.testng.reporters.JUnitReportReporter -->
<testsuite hostname="DESKTOP-E01NGK9" failures="0" tests="2" name="ImplicitWaitExample" time="15.017" errors="0" timestamp="2023-03-31T20:19:16 IST" skipped="0">
  <testcase classname="ImplicitWaitExample" name="testImplicitWaitOne" time="9.771"/>
  <system-out/>
  <testcase classname="ImplicitWaitExample" name="testImplicitWaitTwo" time="5.246"/>
  <system-out/>
</testsuite> <!-- ImplicitWaitExample -->
