<?xml version="1.0" encoding="UTF-8"?>
<!-- Generated by org.testng.reporters.JUnitReportReporter -->
<testsuite hostname="DESKTOP-E01NGK9" failures="0" tests="2" name="WebDriverWaitExample" time="48.172" errors="0" timestamp="2023-03-31T21:05:22 IST" skipped="0">
  <testcase classname="WebDriverWaitExample" name="testWebDriverWait" time="36.559"/>
  <system-out/>
  <testcase classname="WebDriverWaitExample" name="testFluentWaitOne" time="11.613"/>
  <system-out/>
</testsuite> <!-- WebDriverWaitExample -->
