<?xml version="1.0" encoding="UTF-8"?>
<!-- Generated by org.testng.reporters.JUnitReportReporter -->
<testsuite hostname="DESKTOP-E01NGK9" failures="0" tests="5" name="npn_selenium_advanced_interactions.DragAndDropEample" time="31.431" errors="0" timestamp="2023-02-12T13:17:57 IST" skipped="0">
  <testcase classname="npn_selenium_advanced_interactions.DragAndDropEample" name="testOneButton" time="6.280"/>
  <system-out/>
  <testcase classname="npn_selenium_advanced_interactions.DragAndDropEample" name="testTwoButton" time="6.276"/>
  <system-out/>
  <testcase classname="npn_selenium_advanced_interactions.DragAndDropEample" name="testThreeButton" time="6.288"/>
  <system-out/>
  <testcase classname="npn_selenium_advanced_interactions.DragAndDropEample" name="testFourButton" time="6.297"/>
  <system-out/>
  <testcase classname="npn_selenium_advanced_interactions.DragAndDropEample" name="testFiveButton" time="6.290"/>
  <system-out/>
</testsuite> <!-- npn_selenium_advanced_interactions.DragAndDropEample -->
