<?xml version="1.0" encoding="UTF-8"?>
<!-- Generated by org.testng.reporters.JUnitReportReporter -->
<testsuite hostname="DESKTOP-E01NGK9" failures="0" tests="1" name="npn_selenium_advanced_interactions.DoubleClickExample" time="5.199" errors="0" timestamp="2023-02-12T13:35:48 IST" skipped="0">
  <testcase classname="npn_selenium_advanced_interactions.DoubleClickExample" name="TestDoubleClick" time="5.199"/>
  <system-out/>
</testsuite> <!-- npn_selenium_advanced_interactions.DoubleClickExample -->
