<?xml version="1.0" encoding="UTF-8"?>
<!-- Generated by org.testng.reporters.JUnitReportReporter -->
<testsuite hostname="DESKTOP-E01NGK9" failures="0" tests="1" name="npn_selenium_advanced_interactions.KeyboardEventsExample" time="2.981" errors="0" timestamp="2023-02-12T14:16:40 IST" skipped="0">
  <testcase classname="npn_selenium_advanced_interactions.KeyboardEventsExample" name="keyboardTest" time="2.981"/>
  <system-out/>
</testsuite> <!-- npn_selenium_advanced_interactions.KeyboardEventsExample -->
