<?xml version="1.0" encoding="UTF-8"?>
<!-- Generated by org.testng.reporters.JUnitReportReporter -->
<testsuite hostname="DESKTOP-E01NGK9" failures="0" tests="2" name="tests.LoginTest" time="2.291" errors="0" timestamp="2023-06-04T11:43:53 IST" skipped="0">
  <testcase classname="tests.LoginTest" name="login" time="1.248"/>
  <system-out/>
  <testcase classname="tests.LoginTest" name="signOut" time="1.043"/>
  <system-out/>
</testsuite> <!-- tests.LoginTest -->
