<?xml version="1.0" encoding="UTF-8"?>
<!-- Generated by org.testng.reporters.JUnitReportReporter -->
<testsuite hostname="DESKTOP-E01NGK9" failures="0" tests="1" name="ReadTextData" time="0.017" errors="0" timestamp="2023-07-06T01:44:39 IST" skipped="0">
  <testcase classname="ReadTextData" name="readTextData" time="0.017"/>
  <system-out/>
</testsuite> <!-- ReadTextData -->
