<?xml version="1.0" encoding="UTF-8"?>
<!-- Generated by org.testng.reporters.JUnitReportReporter -->
<testsuite hostname="DESKTOP-E01NGK9" failures="0" tests="1" name="npn_Selenium_DataDriver_Framework.TestProperties" time="3.477" errors="0" timestamp="2023-04-02T11:23:00 IST" skipped="0">
  <testcase classname="npn_Selenium_DataDriver_Framework.TestProperties" name="testProperties" time="3.477"/>
  <system-out/>
</testsuite> <!-- npn_Selenium_DataDriver_Framework.TestProperties -->
