<?xml version="1.0" encoding="UTF-8"?>
<!-- Generated by org.testng.reporters.JUnitReportReporter -->
<testsuite hostname="DESKTOP-E01NGK9" failures="0" tests="1" name="WriteTextData" time="0.010" errors="0" timestamp="2023-04-02T11:56:54 IST" skipped="0">
  <testcase classname="WriteTextData" name="writeTextData" time="0.010"/>
  <system-out/>
</testsuite> <!-- WriteTextData -->
