<?xml version="1.0" encoding="UTF-8"?>
<!-- Generated by org.testng.reporters.JUnitReportReporter -->
<testsuite hostname="DESKTOP-E01NGK9" failures="0" tests="1" name="ReadExcelData" time="0.576" errors="0" timestamp="2023-04-02T12:38:55 IST" skipped="0">
  <testcase classname="ReadExcelData" name="readExcelData" time="0.576"/>
  <system-out/>
</testsuite> <!-- ReadExcelData -->
