<?xml version="1.0" encoding="UTF-8"?>
<!-- Generated by org.testng.reporters.JUnitReportReporter -->
<testsuite hostname="DESKTOP-E01NGK9" failures="0" tests="3" name="TestBMI" time="30.709" errors="0" timestamp="2023-04-15T12:19:19 IST" skipped="0">
  <testcase classname="TestBMI" name="testBMI" time="10.212"/>
  <system-out/>
  <testcase classname="TestBMI" name="testBMI" time="10.312"/>
  <system-out/>
  <testcase classname="TestBMI" name="testBMI" time="10.185"/>
  <system-out/>
</testsuite> <!-- TestBMI -->
