<?xml version="1.0" encoding="UTF-8"?>
<!-- Generated by org.testng.reporters.JUnitReportReporter -->
<testsuite hostname="DESKTOP-E01NGK9" failures="0" tests="1" name="WriteExcelData" time="0.637" errors="0" timestamp="2023-04-15T10:42:42 IST" skipped="0">
  <testcase classname="WriteExcelData" name="writeTestData" time="0.637"/>
  <system-out/>
</testsuite> <!-- WriteExcelData -->
