<?xml version="1.0" encoding="UTF-8"?>
<!-- Generated by org.testng.reporters.JUnitReportReporter -->
<testsuite hostname="DESKTOP-E01NGK9" failures="0" tests="2" name="ParallelTest" time="13.821" errors="0" timestamp="2023-04-01T13:43:41 IST" skipped="0">
  <testcase classname="ParallelTest" name="testChrome" time="5.857"/>
  <system-out/>
  <testcase classname="ParallelTest" name="testFF" time="7.964"/>
  <system-out/>
</testsuite> <!-- ParallelTest -->
