<?xml version="1.0" encoding="UTF-8"?>
<!-- Generated by org.testng.reporters.JUnitReportReporter -->
<testsuite hostname="DESKTOP-E01NGK9" failures="0" tests="1" name="TestTwo" time="0.002" errors="0" timestamp="2023-04-01T13:22:55 IST" skipped="0">
  <testcase classname="TestTwo" name="TestTwoExample" time="0.002"/>
  <system-out/>
</testsuite> <!-- TestTwo -->
