<?xml version="1.0" encoding="UTF-8"?>
<!-- Generated by org.testng.reporters.JUnitReportReporter -->
<testsuite hostname="DESKTOP-E01NGK9" failures="0" tests="3" name="TestDataProvider" time="0.003" errors="0" timestamp="2023-04-01T13:22:55 IST" skipped="0">
  <testcase classname="TestDataProvider" name="testDataProvider" time="0.001"/>
  <system-out/>
  <testcase classname="TestDataProvider" name="testDataProvider" time="0.001"/>
  <system-out/>
  <testcase classname="TestDataProvider" name="testDataProvider" time="0.001"/>
  <system-out/>
</testsuite> <!-- TestDataProvider -->
