<?xml version="1.0" encoding="UTF-8"?>
<!-- Generated by org.testng.reporters.JUnitReportReporter -->
<testsuite hostname="DESKTOP-E01NGK9" failures="0" tests="1" name="practice.Practiceassignment" time="6.731" errors="0" timestamp="2023-01-11T12:04:04 IST" skipped="0">
  <testcase classname="practice.Practiceassignment" name="testFacebook" time="6.731"/>
  <system-out/>
</testsuite> <!-- practice.Practiceassignment -->
