<?xml version="1.0" encoding="UTF-8"?>
<!-- Generated by org.testng.reporters.JUnitReportReporter -->
<testsuite hostname="DESKTOP-E01NGK9" failures="0" tests="1" name="npn_selenium_locators.LocatorsExample" time="18.449" errors="0" timestamp="2023-01-07T13:24:18 IST" skipped="0">
  <testcase classname="npn_selenium_locators.LocatorsExample" name="testLocators" time="18.449"/>
  <system-out/>
</testsuite> <!-- npn_selenium_locators.LocatorsExample -->
