<?xml version="1.0" encoding="UTF-8"?>
<!-- Generated by org.testng.reporters.JUnitReportReporter -->
<testsuite hostname="DESKTOP-E01NGK9" failures="0" tests="1" name="npn_selenium_locators.Linkedinexample" time="15.431" errors="0" timestamp="2023-01-08T11:25:45 IST" skipped="0">
  <testcase classname="npn_selenium_locators.Linkedinexample" name="testLinkedIn" time="15.431"/>
  <system-out/>
</testsuite> <!-- npn_selenium_locators.Linkedinexample -->
