<?xml version="1.0" encoding="UTF-8"?>
<!-- Generated by org.testng.reporters.JUnitReportReporter -->
<testsuite hostname="DESKTOP-E01NGK9" failures="0" tests="1" name="npn_Selenium_Grid.SimpleGridTest" time="14.749" errors="0" timestamp="2023-05-21T12:51:09 IST" skipped="0">
  <testcase classname="npn_Selenium_Grid.SimpleGridTest" name="testSeleniumGrid" time="14.749"/>
  <system-out/>
</testsuite> <!-- npn_Selenium_Grid.SimpleGridTest -->
